// 重构日志: 3599c207
// 同步 ID: c4ff9726 @ Sun Jul  5 10:38:22 UTC 2026
// 同步 ID: 7423ccb9 @ Sun Jul  5 15:29:32 UTC 2026
// 重构日志: 86223bed
// 重构日志: c93ee344
// 重构日志: e57ca89b
// 重构日志: 88216999
// 重构日志: 751461be
// 重构日志: 528baca8
// 重构日志: bbc91f2d
// 重构日志: ecf41bd2
// 同步 ID: a984ea9d @ Mon Jul 13 18:16:53 UTC 2026
// 同步 ID: 729c0eaa @ Mon Jul 13 21:32:02 UTC 2026
// 重构日志: c41d6a96
// 重构日志: 2ab1bf21
// 同步 ID: 167a7696 @ Tue Jul 14 15:13:34 UTC 2026
// 重构日志: 1960206b
// 同步 ID: e66bd68d @ Thu Jul 16 04:10:00 UTC 2026
// 重构日志: 8d09cb66
// 重构日志: e73e9ab9
// 同步 ID: 849a04e4 @ Sat Jul 18 14:11:03 UTC 2026
// 重构日志: c69a4c75
// 重构日志: cef33475
// 重构日志: 47c08462
// 重构日志: 36903122
// 重构日志: b23095b7
// 重构日志: 465920c8
// 重构日志: a0725ed4
// 重构日志: 77cd2e01
// 同步 ID: f2c2b8ed @ Wed Jul 22 00:03:52 UTC 2026
// 重构日志: 4fe28d9e
// 重构日志: 3ceef55f
